<?xml version="1.0" encoding="UTF-8"?>
<testng-results ignored="0" total="1" passed="1" failed="0" skipped="0">
  <reporter-output>
    <line>
      <![CDATA[Abrir Navegador Chrome]]>
    </line>
  </reporter-output>
  <suite started-at="2022-06-03T00:35:30 ART" name="SuiteQa" finished-at="2022-06-03T00:35:41 ART" duration-ms="11315">
    <groups>
    </groups>
    <test started-at="2022-06-03T00:35:30 ART" name="TestAlojamientosDespegar" finished-at="2022-06-03T00:35:41 ART" duration-ms="11315">
      <class name="com.selenium.test.despegarTest">
        <test-method signature="actividad1Despegar()[pri:0, instance:com.selenium.test.despegarTest@143640d5]" started-at="2022-06-03T00:35:30 ART" name="actividad1Despegar" description="Actividad N°1" finished-at="2022-06-03T00:35:41 ART" duration-ms="11288" status="PASS">
          <reporter-output>
            <line>
              <![CDATA[Abrir Navegador Chrome]]>
            </line>
          </reporter-output>
        </test-method> <!-- actividad1Despegar -->
      </class> <!-- com.selenium.test.despegarTest -->
    </test> <!-- TestAlojamientosDespegar -->
  </suite> <!-- SuiteQa -->
</testng-results>
